Analysis & Synthesis report for mips
Thu Apr 30 17:54:18 2015
Quartus II 64-Bit Version 13.0.1 Build 232 06/12/2013 Service Pack 1 SJ Web Edition


---------------------
; Table of Contents ;
---------------------
  1. Legal Notice
  2. Analysis & Synthesis Summary
  3. Analysis & Synthesis Settings
  4. Parallel Compilation
  5. Analysis & Synthesis Source Files Read
  6. Analysis & Synthesis Resource Usage Summary
  7. Analysis & Synthesis Resource Utilization by Entity
  8. Analysis & Synthesis IP Cores Summary
  9. General Register Statistics
 10. Elapsed Time Per Partition
 11. Analysis & Synthesis Messages



----------------
; Legal Notice ;
----------------
Copyright (C) 1991-2013 Altera Corporation
Your use of Altera Corporation's design tools, logic functions 
and other software and tools, and its AMPP partner logic 
functions, and any output files from any of the foregoing 
(including device programming or simulation files), and any 
associated documentation or information are expressly subject 
to the terms and conditions of the Altera Program License 
Subscription Agreement, Altera MegaCore Function License 
Agreement, or other applicable license agreement, including, 
without limitation, that your use is for the sole purpose of 
programming logic devices manufactured by Altera and sold by 
Altera or its authorized distributors.  Please refer to the 
applicable agreement for further details.



+--------------------------------------------------------------------------------------+
; Analysis & Synthesis Summary                                                         ;
+------------------------------------+-------------------------------------------------+
; Analysis & Synthesis Status        ; Successful - Thu Apr 30 17:54:18 2015           ;
; Quartus II 64-Bit Version          ; 13.0.1 Build 232 06/12/2013 SP 1 SJ Web Edition ;
; Revision Name                      ; mips                                            ;
; Top-level Entity Name              ; mips                                            ;
; Family                             ; Cyclone II                                      ;
; Total logic elements               ; 0                                               ;
;     Total combinational functions  ; 0                                               ;
;     Dedicated logic registers      ; 0                                               ;
; Total registers                    ; 0                                               ;
; Total pins                         ; 2                                               ;
; Total virtual pins                 ; 0                                               ;
; Total memory bits                  ; 0                                               ;
; Embedded Multiplier 9-bit elements ; 0                                               ;
; Total PLLs                         ; 0                                               ;
+------------------------------------+-------------------------------------------------+


+----------------------------------------------------------------------------------------------------------------------+
; Analysis & Synthesis Settings                                                                                        ;
+----------------------------------------------------------------------------+--------------------+--------------------+
; Option                                                                     ; Setting            ; Default Value      ;
+----------------------------------------------------------------------------+--------------------+--------------------+
; Device                                                                     ; EP2C70F672C6       ;                    ;
; Top-level entity name                                                      ; mips               ; mips               ;
; Family name                                                                ; Cyclone II         ; Cyclone IV GX      ;
; Use smart compilation                                                      ; Off                ; Off                ;
; Enable parallel Assembler and TimeQuest Timing Analyzer during compilation ; On                 ; On                 ;
; Enable compact report table                                                ; Off                ; Off                ;
; Restructure Multiplexers                                                   ; Auto               ; Auto               ;
; Create Debugging Nodes for IP Cores                                        ; Off                ; Off                ;
; Preserve fewer node names                                                  ; On                 ; On                 ;
; Disable OpenCore Plus hardware evaluation                                  ; Off                ; Off                ;
; Verilog Version                                                            ; Verilog_2001       ; Verilog_2001       ;
; VHDL Version                                                               ; VHDL_1993          ; VHDL_1993          ;
; State Machine Processing                                                   ; Auto               ; Auto               ;
; Safe State Machine                                                         ; Off                ; Off                ;
; Extract Verilog State Machines                                             ; On                 ; On                 ;
; Extract VHDL State Machines                                                ; On                 ; On                 ;
; Ignore Verilog initial constructs                                          ; Off                ; Off                ;
; Iteration limit for constant Verilog loops                                 ; 5000               ; 5000               ;
; Iteration limit for non-constant Verilog loops                             ; 250                ; 250                ;
; Add Pass-Through Logic to Inferred RAMs                                    ; On                 ; On                 ;
; Infer RAMs from Raw Logic                                                  ; On                 ; On                 ;
; Parallel Synthesis                                                         ; On                 ; On                 ;
; DSP Block Balancing                                                        ; Auto               ; Auto               ;
; NOT Gate Push-Back                                                         ; On                 ; On                 ;
; Power-Up Don't Care                                                        ; On                 ; On                 ;
; Remove Redundant Logic Cells                                               ; Off                ; Off                ;
; Remove Duplicate Registers                                                 ; On                 ; On                 ;
; Ignore CARRY Buffers                                                       ; Off                ; Off                ;
; Ignore CASCADE Buffers                                                     ; Off                ; Off                ;
; Ignore GLOBAL Buffers                                                      ; Off                ; Off                ;
; Ignore ROW GLOBAL Buffers                                                  ; Off                ; Off                ;
; Ignore LCELL Buffers                                                       ; Off                ; Off                ;
; Ignore SOFT Buffers                                                        ; On                 ; On                 ;
; Limit AHDL Integers to 32 Bits                                             ; Off                ; Off                ;
; Optimization Technique                                                     ; Balanced           ; Balanced           ;
; Carry Chain Length                                                         ; 70                 ; 70                 ;
; Auto Carry Chains                                                          ; On                 ; On                 ;
; Auto Open-Drain Pins                                                       ; On                 ; On                 ;
; Perform WYSIWYG Primitive Resynthesis                                      ; Off                ; Off                ;
; Auto ROM Replacement                                                       ; On                 ; On                 ;
; Auto RAM Replacement                                                       ; On                 ; On                 ;
; Auto Shift Register Replacement                                            ; Auto               ; Auto               ;
; Allow Shift Register Merging across Hierarchies                            ; Auto               ; Auto               ;
; Auto Clock Enable Replacement                                              ; On                 ; On                 ;
; Strict RAM Replacement                                                     ; Off                ; Off                ;
; Allow Synchronous Control Signals                                          ; On                 ; On                 ;
; Force Use of Synchronous Clear Signals                                     ; Off                ; Off                ;
; Auto RAM to Logic Cell Conversion                                          ; Off                ; Off                ;
; Auto Resource Sharing                                                      ; Off                ; Off                ;
; Allow Any RAM Size For Recognition                                         ; Off                ; Off                ;
; Allow Any ROM Size For Recognition                                         ; Off                ; Off                ;
; Allow Any Shift Register Size For Recognition                              ; Off                ; Off                ;
; Use LogicLock Constraints during Resource Balancing                        ; On                 ; On                 ;
; Ignore translate_off and synthesis_off directives                          ; Off                ; Off                ;
; Timing-Driven Synthesis                                                    ; Off                ; Off                ;
; Report Parameter Settings                                                  ; On                 ; On                 ;
; Report Source Assignments                                                  ; On                 ; On                 ;
; Report Connectivity Checks                                                 ; On                 ; On                 ;
; Ignore Maximum Fan-Out Assignments                                         ; Off                ; Off                ;
; Synchronization Register Chain Length                                      ; 2                  ; 2                  ;
; PowerPlay Power Optimization                                               ; Normal compilation ; Normal compilation ;
; HDL message level                                                          ; Level2             ; Level2             ;
; Suppress Register Optimization Related Messages                            ; Off                ; Off                ;
; Number of Removed Registers Reported in Synthesis Report                   ; 5000               ; 5000               ;
; Number of Swept Nodes Reported in Synthesis Report                         ; 5000               ; 5000               ;
; Number of Inverted Registers Reported in Synthesis Report                  ; 100                ; 100                ;
; Clock MUX Protection                                                       ; On                 ; On                 ;
; Auto Gated Clock Conversion                                                ; Off                ; Off                ;
; Block Design Naming                                                        ; Auto               ; Auto               ;
; SDC constraint protection                                                  ; Off                ; Off                ;
; Synthesis Effort                                                           ; Auto               ; Auto               ;
; Shift Register Replacement - Allow Asynchronous Clear Signal               ; On                 ; On                 ;
; Pre-Mapping Resynthesis Optimization                                       ; Off                ; Off                ;
; Analysis & Synthesis Message Level                                         ; Medium             ; Medium             ;
; Disable Register Merging Across Hierarchies                                ; Auto               ; Auto               ;
; Resource Aware Inference For Block RAM                                     ; On                 ; On                 ;
; Synthesis Seed                                                             ; 1                  ; 1                  ;
+----------------------------------------------------------------------------+--------------------+--------------------+


Parallel compilation was disabled, but you have multiple processors available. Enable parallel compilation to reduce compilation time.
+-------------------------------------+
; Parallel Compilation                ;
+----------------------------+--------+
; Processors                 ; Number ;
+----------------------------+--------+
; Number detected on machine ; 4      ;
; Maximum allowed            ; 1      ;
+----------------------------+--------+


+-----------------------------------------------------------------------------------------------------------------------------------------------------------------+
; Analysis & Synthesis Source Files Read                                                                                                                          ;
+----------------------------------+-----------------+------------------------------------+-------------------------------------------------------------+---------+
; File Name with User-Entered Path ; Used in Netlist ; File Type                          ; File Name with Absolute Path                                ; Library ;
+----------------------------------+-----------------+------------------------------------+-------------------------------------------------------------+---------+
; alu.v                            ; yes             ; User Verilog HDL File              ; C:/Users/ntinos/Desktop/MYY402-labs/lab06/alu.v             ;         ;
; mux2_32.v                        ; yes             ; User Verilog HDL File              ; C:/Users/ntinos/Desktop/MYY402-labs/lab06/mux2_32.v         ;         ;
; mux2_5.v                         ; yes             ; User Verilog HDL File              ; C:/Users/ntinos/Desktop/MYY402-labs/lab06/mux2_5.v          ;         ;
; regfile.v                        ; yes             ; User Verilog HDL File              ; C:/Users/ntinos/Desktop/MYY402-labs/lab06/regfile.v         ;         ;
; adder.v                          ; yes             ; User Verilog HDL File              ; C:/Users/ntinos/Desktop/MYY402-labs/lab06/adder.v           ;         ;
; imem.v                           ; yes             ; User Verilog HDL File              ; C:/Users/ntinos/Desktop/MYY402-labs/lab06/imem.v            ;         ;
; dmem.v                           ; yes             ; User Verilog HDL File              ; C:/Users/ntinos/Desktop/MYY402-labs/lab06/dmem.v            ;         ;
; signext.v                        ; yes             ; User Verilog HDL File              ; C:/Users/ntinos/Desktop/MYY402-labs/lab06/signext.v         ;         ;
; sl2_32.v                         ; yes             ; User Verilog HDL File              ; C:/Users/ntinos/Desktop/MYY402-labs/lab06/sl2_32.v          ;         ;
; sl2_26.v                         ; yes             ; User Verilog HDL File              ; C:/Users/ntinos/Desktop/MYY402-labs/lab06/sl2_26.v          ;         ;
; flopr.v                          ; yes             ; User Verilog HDL File              ; C:/Users/ntinos/Desktop/MYY402-labs/lab06/flopr.v           ;         ;
; aludec.v                         ; yes             ; User Verilog HDL File              ; C:/Users/ntinos/Desktop/MYY402-labs/lab06/aludec.v          ;         ;
; maindec.v                        ; yes             ; User Verilog HDL File              ; C:/Users/ntinos/Desktop/MYY402-labs/lab06/maindec.v         ;         ;
; lpm_constant4.v                  ; yes             ; User Wizard-Generated File         ; C:/Users/ntinos/Desktop/MYY402-labs/lab06/lpm_constant4.v   ;         ;
; mips.bdf                         ; yes             ; User Block Diagram/Schematic File  ; C:/Users/ntinos/Desktop/MYY402-labs/lab06/mips.bdf          ;         ;
; data_memfile.dat                 ; yes             ; Auto-Found Unspecified File        ; C:/Users/ntinos/Desktop/MYY402-labs/lab06/data_memfile.dat  ;         ;
; instr_memfile.dat                ; yes             ; Auto-Found Unspecified File        ; C:/Users/ntinos/Desktop/MYY402-labs/lab06/instr_memfile.dat ;         ;
+----------------------------------+-----------------+------------------------------------+-------------------------------------------------------------+---------+


+-----------------------------------------------------+
; Analysis & Synthesis Resource Usage Summary         ;
+---------------------------------------------+-------+
; Resource                                    ; Usage ;
+---------------------------------------------+-------+
;                                             ;       ;
; Total combinational functions               ; 0     ;
; Logic element usage by number of LUT inputs ;       ;
;     -- 4 input functions                    ; 0     ;
;     -- 3 input functions                    ; 0     ;
;     -- <=2 input functions                  ; 0     ;
;                                             ;       ;
; Logic elements by mode                      ;       ;
;     -- normal mode                          ; 0     ;
;     -- arithmetic mode                      ; 0     ;
;                                             ;       ;
; Total registers                             ; 0     ;
;     -- Dedicated logic registers            ; 0     ;
;     -- I/O registers                        ; 0     ;
;                                             ;       ;
; I/O pins                                    ; 2     ;
; Embedded Multiplier 9-bit elements          ; 0     ;
+---------------------------------------------+-------+


+-----------------------------------------------------------------------------------------------------------------------------------------------------------------------------+
; Analysis & Synthesis Resource Utilization by Entity                                                                                                                         ;
+----------------------------+-------------------+--------------+-------------+--------------+---------+-----------+------+--------------+---------------------+--------------+
; Compilation Hierarchy Node ; LC Combinationals ; LC Registers ; Memory Bits ; DSP Elements ; DSP 9x9 ; DSP 18x18 ; Pins ; Virtual Pins ; Full Hierarchy Name ; Library Name ;
+----------------------------+-------------------+--------------+-------------+--------------+---------+-----------+------+--------------+---------------------+--------------+
; |mips                      ; 0 (0)             ; 0 (0)        ; 0           ; 0            ; 0       ; 0         ; 2    ; 0            ; |mips               ; work         ;
+----------------------------+-------------------+--------------+-------------+--------------+---------+-----------+------+--------------+---------------------+--------------+
Note: For table entries with two numbers listed, the numbers in parentheses indicate the number of resources of the given type used by the specific entity alone. The numbers listed outside of parentheses indicate the total resources of the given type used by the specific entity and all of its sub-entities in the hierarchy.


+--------------------------------------------------------------------------------------------------------------------------------------------------------+
; Analysis & Synthesis IP Cores Summary                                                                                                                  ;
+--------+--------------+---------+--------------+--------------+----------------------------+-----------------------------------------------------------+
; Vendor ; IP Core Name ; Version ; Release Date ; License Type ; Entity Instance            ; IP Include File                                           ;
+--------+--------------+---------+--------------+--------------+----------------------------+-----------------------------------------------------------+
; Altera ; LPM_CONSTANT ; 13.0    ; N/A          ; N/A          ; |mips|lpm_constant4:inst27 ; C:/Users/ntinos/Desktop/MYY402-labs/lab06/lpm_constant4.v ;
+--------+--------------+---------+--------------+--------------+----------------------------+-----------------------------------------------------------+


+------------------------------------------------------+
; General Register Statistics                          ;
+----------------------------------------------+-------+
; Statistic                                    ; Value ;
+----------------------------------------------+-------+
; Total registers                              ; 0     ;
; Number of registers using Synchronous Clear  ; 0     ;
; Number of registers using Synchronous Load   ; 0     ;
; Number of registers using Asynchronous Clear ; 0     ;
; Number of registers using Asynchronous Load  ; 0     ;
; Number of registers using Clock Enable       ; 0     ;
; Number of registers using Preset             ; 0     ;
+----------------------------------------------+-------+


+-------------------------------+
; Elapsed Time Per Partition    ;
+----------------+--------------+
; Partition Name ; Elapsed Time ;
+----------------+--------------+
; Top            ; 00:00:00     ;
+----------------+--------------+


+-------------------------------+
; Analysis & Synthesis Messages ;
+-------------------------------+
Info: *******************************************************************
Info: Running Quartus II 64-Bit Analysis & Synthesis
    Info: Version 13.0.1 Build 232 06/12/2013 Service Pack 1 SJ Web Edition
    Info: Processing started: Thu Apr 30 17:54:13 2015
Info: Command: quartus_map --read_settings_files=on --write_settings_files=off mips -c mips
Warning (20028): Parallel compilation is not licensed and has been disabled
Info (12021): Found 1 design units, including 1 entities, in source file alu.v
    Info (12023): Found entity 1: alu
Info (12021): Found 1 design units, including 1 entities, in source file mux2_32.v
    Info (12023): Found entity 1: mux2_32
Info (12021): Found 1 design units, including 1 entities, in source file mux2_5.v
    Info (12023): Found entity 1: mux2_5
Info (12021): Found 1 design units, including 1 entities, in source file regfile.v
    Info (12023): Found entity 1: regfile
Info (12021): Found 1 design units, including 1 entities, in source file adder.v
    Info (12023): Found entity 1: adder
Info (12021): Found 1 design units, including 1 entities, in source file imem.v
    Info (12023): Found entity 1: imem
Info (12021): Found 1 design units, including 1 entities, in source file dmem.v
    Info (12023): Found entity 1: dmem
Info (12021): Found 1 design units, including 1 entities, in source file signext.v
    Info (12023): Found entity 1: signext
Info (12021): Found 1 design units, including 1 entities, in source file sl2_32.v
    Info (12023): Found entity 1: sl2_32
Info (12021): Found 1 design units, including 1 entities, in source file sl2_26.v
    Info (12023): Found entity 1: sl2_26
Info (12021): Found 1 design units, including 1 entities, in source file flopr.v
    Info (12023): Found entity 1: flopr
Info (12021): Found 1 design units, including 1 entities, in source file aludec.v
    Info (12023): Found entity 1: aludec
Info (12021): Found 1 design units, including 1 entities, in source file maindec.v
    Info (12023): Found entity 1: maindec
Info (12021): Found 2 design units, including 2 entities, in source file lpm_constant4.v
    Info (12023): Found entity 1: lpm_constant4_lpm_constant_v09
    Info (12023): Found entity 2: lpm_constant4
Info (12021): Found 1 design units, including 1 entities, in source file mips.bdf
    Info (12023): Found entity 1: mips
Info (12127): Elaborating entity "mips" for the top level hierarchy
Info (12128): Elaborating entity "alu" for hierarchy "alu:alu"
Info (12128): Elaborating entity "regfile" for hierarchy "regfile:regfile"
Info (12128): Elaborating entity "maindec" for hierarchy "maindec:maindec"
Info (12128): Elaborating entity "imem" for hierarchy "imem:imem"
Warning (10850): Verilog HDL warning at imem.v(8): number of words (1) in memory file does not match the number of elements in the address range [0:127]
Warning (10030): Net "RAM.data_a" at imem.v(4) has no driver or initial value, using a default initial value '0'
Warning (10030): Net "RAM.waddr_a" at imem.v(4) has no driver or initial value, using a default initial value '0'
Warning (10030): Net "RAM.we_a" at imem.v(4) has no driver or initial value, using a default initial value '0'
Info (12128): Elaborating entity "flopr" for hierarchy "flopr:pc_reg"
Info (12128): Elaborating entity "mux2_32" for hierarchy "mux2_32:npc_mux"
Info (12128): Elaborating entity "adder" for hierarchy "adder:pc_adder"
Info (12128): Elaborating entity "lpm_constant4" for hierarchy "lpm_constant4:inst27"
Info (12128): Elaborating entity "lpm_constant4_lpm_constant_v09" for hierarchy "lpm_constant4:inst27|lpm_constant4_lpm_constant_v09:lpm_constant4_lpm_constant_v09_component"
Info (12128): Elaborating entity "sl2_32" for hierarchy "sl2_32:br_shift"
Info (12128): Elaborating entity "signext" for hierarchy "signext:imm_signext"
Info (12128): Elaborating entity "sl2_26" for hierarchy "sl2_26:jump_shft"
Info (12128): Elaborating entity "mux2_5" for hierarchy "mux2_5:dst_mux"
Info (12128): Elaborating entity "dmem" for hierarchy "dmem:dmem"
Warning (10850): Verilog HDL warning at dmem.v(9): number of words (1024) in memory file does not match the number of elements in the address range [0:63]
Info (12128): Elaborating entity "aludec" for hierarchy "aludec:aludec"
Info (16010): Generating hard_block partition "hard_block:auto_generated_inst"
    Info (16011): Adding 0 node(s), including 0 DDIO, 0 PLL, 0 transceiver and 0 LCELL
Warning (21074): Design contains 2 input pin(s) that do not drive logic
    Warning (15610): No output dependent on input pin "clk"
    Warning (15610): No output dependent on input pin "reset"
Info (21057): Implemented 2 device resources after synthesis - the final resource count might be different
    Info (21058): Implemented 2 input pins
    Info (21059): Implemented 0 output pins
Info: Quartus II 64-Bit Analysis & Synthesis was successful. 0 errors, 9 warnings
    Info: Peak virtual memory: 458 megabytes
    Info: Processing ended: Thu Apr 30 17:54:18 2015
    Info: Elapsed time: 00:00:05
    Info: Total CPU time (on all processors): 00:00:01


